<?xml version="1.0" encoding="UTF-8"?>
<!-- Generated by org.testng.reporters.JUnitReportReporter -->
<testsuite hostname="DESKTOP-CFBSPG5" failures="0" tests="7" name="com.KaziProject.WalmartTest2TestNG" time="48.124" errors="0" timestamp="11 Feb 2021 02:54:22 GMT" skipped="0">
  <testcase classname="com.KaziProject.WalmartTest2TestNG" name="Test1" time="6.181"/>
  <testcase classname="com.KaziProject.WalmartTest2TestNG" name="Test4" time="11.702"/>
  <testcase classname="com.KaziProject.WalmartTest2TestNG" name="Test2" time="2.392"/>
  <testcase classname="com.KaziProject.WalmartTest2TestNG" name="Test5" time="2.657"/>
  <testcase classname="com.KaziProject.WalmartTest2TestNG" name="Test6" time="9.438"/>
  <testcase classname="com.KaziProject.WalmartTest2TestNG" name="Test7" time="2.554"/>
  <testcase classname="com.KaziProject.WalmartTest2TestNG" name="Test3" time="13.200"/>
</testsuite> <!-- com.KaziProject.WalmartTest2TestNG -->
